[05-28 13:25:09]: [INFO] Created column 'regdate' and set the current timestamp, 1685280309177, to all 0 rows
[05-28 13:25:09]: [INFO] SQLite Setup finished
[05-28 13:25:11]: [INFO] Hooked into LuckPerms!
[05-28 13:25:13]: [INFO] Hooked successfully into Essentials
[05-28 13:25:13]: [INFO] Essentials spawn file not found: '/home/kevin/arclight/plugins/Essentials/spawn.yml'
[05-28 13:25:15]: [WARN] WARNING! The protectInventory feature requires ProtocolLib! Disabling it...
[05-28 13:25:21]: [INFO] AuthMe 5.6.0-beta2 build n.2453 successfully enabled!
[05-28 13:25:41]: [INFO] Downloading GEO IP database, because the old database is older than 30 days or doesn't exist
[05-28 13:25:41]: [WARN] No MaxMind credentials found in the configuration file! GeoIp protections will be disabled.
[05-28 13:25:41]: [INFO] There is no newer GEO IP database uploaded to MaxMind. Using the old one for now.
[05-28 13:25:41]: [WARN] Could not download GeoLiteAPI database [FileNotFoundException]: plugins/AuthMe/GeoLite2-Country.mmdb (No such file or directory)
[05-28 13:25:41]: java.io.FileNotFoundException: plugins/AuthMe/GeoLite2-Country.mmdb (No such file or directory)
	at java.base/java.io.RandomAccessFile.open0(Native Method)
	at java.base/java.io.RandomAccessFile.open(RandomAccessFile.java:344)
	at java.base/java.io.RandomAccessFile.<init>(RandomAccessFile.java:259)
	at java.base/java.io.RandomAccessFile.<init>(RandomAccessFile.java:213)
	at fr.xephi.authme.libs.com.maxmind.db.BufferHolder.<init>(BufferHolder.java:20)
	at fr.xephi.authme.libs.com.maxmind.db.Reader.<init>(Reader.java:121)
	at fr.xephi.authme.service.GeoIpService.startReading(GeoIpService.java:173)
	at fr.xephi.authme.service.GeoIpService.updateDatabase(GeoIpService.java:144)
	at org.bukkit.craftbukkit.v1_16_R3.scheduler.CraftTask.run(CraftTask.java:81)
	at org.bukkit.craftbukkit.v1_16_R3.scheduler.CraftAsyncTask.run(CraftAsyncTask.java:54)
	at java.base/java.util.concurrent.ThreadPoolExecutor.runWorker(ThreadPoolExecutor.java:1136)
	at java.base/java.util.concurrent.ThreadPoolExecutor$Worker.run(ThreadPoolExecutor.java:635)
	at java.base/java.lang.Thread.run(Thread.java:833)

[05-28 13:27:25]: [FINE] redwolf9912 registered 89.115.172.83
[05-28 13:27:25]: [FINE] redwolf9912 logged in 89.115.172.83
[05-28 13:29:54]: [INFO] AuthMe 5.6.0-beta2-b2453 disabled!
[05-28 13:34:47]: [INFO] SQLite Setup finished
[05-28 13:34:47]: [INFO] Hooked into LuckPerms!
[05-28 13:34:47]: [INFO] Hooked successfully into Essentials
[05-28 13:34:47]: [INFO] Essentials spawn file not found: '/home/kevin/arclight/plugins/Essentials/spawn.yml'
[05-28 13:34:47]: [WARN] WARNING! The protectInventory feature requires ProtocolLib! Disabling it...
[05-28 13:34:47]: [INFO] AuthMe 5.6.0-beta2 build n.2453 successfully enabled!
[05-28 13:35:15]: [INFO] Downloading GEO IP database, because the old database is older than 30 days or doesn't exist
[05-28 13:35:15]: [WARN] No MaxMind credentials found in the configuration file! GeoIp protections will be disabled.
[05-28 13:35:15]: [INFO] There is no newer GEO IP database uploaded to MaxMind. Using the old one for now.
[05-28 13:35:15]: [WARN] Could not download GeoLiteAPI database [FileNotFoundException]: plugins/AuthMe/GeoLite2-Country.mmdb (No such file or directory)
[05-28 13:35:15]: java.io.FileNotFoundException: plugins/AuthMe/GeoLite2-Country.mmdb (No such file or directory)
	at java.base/java.io.RandomAccessFile.open0(Native Method)
	at java.base/java.io.RandomAccessFile.open(RandomAccessFile.java:344)
	at java.base/java.io.RandomAccessFile.<init>(RandomAccessFile.java:259)
	at java.base/java.io.RandomAccessFile.<init>(RandomAccessFile.java:213)
	at fr.xephi.authme.libs.com.maxmind.db.BufferHolder.<init>(BufferHolder.java:20)
	at fr.xephi.authme.libs.com.maxmind.db.Reader.<init>(Reader.java:121)
	at fr.xephi.authme.service.GeoIpService.startReading(GeoIpService.java:173)
	at fr.xephi.authme.service.GeoIpService.updateDatabase(GeoIpService.java:144)
	at org.bukkit.craftbukkit.v1_16_R3.scheduler.CraftTask.run(CraftTask.java:81)
	at org.bukkit.craftbukkit.v1_16_R3.scheduler.CraftAsyncTask.run(CraftAsyncTask.java:54)
	at java.base/java.util.concurrent.ThreadPoolExecutor.runWorker(ThreadPoolExecutor.java:1136)
	at java.base/java.util.concurrent.ThreadPoolExecutor$Worker.run(ThreadPoolExecutor.java:635)
	at java.base/java.lang.Thread.run(Thread.java:833)

[05-28 13:36:56]: [FINE] redwolf9912 logged in 89.115.172.83
[05-28 13:58:04]: [INFO] AuthMe 5.6.0-beta2-b2453 disabled!
